#
# There is insufficient memory for the Java Runtime Environment to continue.
# Native memory allocation (mmap) failed to map 536870912 bytes for Failed to commit area from 0x0000000600c00000 to 0x0000000620c00000 of length 536870912.
# Possible reasons:
#   The system is out of physical RAM or swap space
#   The process is running with CompressedOops enabled, and the Java Heap may be blocking the growth of the native heap
# Possible solutions:
#   Reduce memory load on the system
#   Increase physical memory or swap space
#   Check if swap backing store is full
#   Decrease Java heap size (-Xmx/-Xms)
#   Decrease number of Java threads
#   Decrease Java thread stack sizes (-Xss)
#   Set larger code cache with -XX:ReservedCodeCacheSize=
# This output file may be truncated or incomplete.
#
#  Out of Memory Error (./src/hotspot/os/windows/os_windows.cpp:3303), pid=30260, tid=30044
#
# JRE version:  (11.0.7+10) (build )
# Java VM: OpenJDK 64-Bit Server VM (11.0.7+10, mixed mode, sharing, tiered, compressed oops, g1 gc, windows-amd64)
# No core dump will be written. Minidumps are not enabled by default on client versions of Windows
#

---------------  S U M M A R Y ------------

Command Line: -Dfile.encoding=UTF-8 JangMan

Host: AMD Ryzen 7 3700X 8-Core Processor             , 16 cores, 31G,  Windows 10 , 64 bit Build 19041 (10.0.19041.546)
Time: Fri Nov 27 21:06:00 2020 SA Western Standard Time elapsed time: 0 seconds (0d 0h 0m 0s)

---------------  T H R E A D  ---------------

Current thread (0x000001a0bf73c000):  JavaThread "Unknown thread" [_thread_in_vm, id=30044, stack(0x0000003e08c00000,0x0000003e08d00000)]

Stack: [0x0000003e08c00000,0x0000003e08d00000]
Native frames: (J=compiled Java code, j=interpreted, Vv=VM code, C=native code)
V  [jvm.dll+0x5dec5a]
V  [jvm.dll+0x71671e]
V  [jvm.dll+0x717def]
V  [jvm.dll+0x7184b3]
V  [jvm.dll+0x2409b8]
V  [jvm.dll+0x5dbf1a]
V  [jvm.dll+0x5d0c05]
V  [jvm.dll+0x2f614c]
V  [jvm.dll+0x2f5fd2]
V  [jvm.dll+0x2fac86]
V  [jvm.dll+0x33eb4f]
V  [jvm.dll+0x33e580]
V  [jvm.dll+0x2d3518]
V  [jvm.dll+0x2d4666]
V  [jvm.dll+0x6f2437]
V  [jvm.dll+0x6f3bbf]
V  [jvm.dll+0x34b8d9]
V  [jvm.dll+0x6d5aa0]
V  [jvm.dll+0x3b2c8f]
V  [jvm.dll+0x3b4f41]
C  [jli.dll+0x51fb]
C  [ucrtbase.dll+0x214c2]
C  [KERNEL32.DLL+0x17034]
C  [ntdll.dll+0x4cec1]


---------------  P R O C E S S  ---------------

Threads class SMR info:
_java_thread_list=0x000001a0bd5c3240, length=0, elements={
}

Java Threads: ( => current thread )

Other Threads:
  0x000001a0bf754800 GCTaskThread "GC Thread#0" [stack: 0x0000003e08d00000,0x0000003e08e00000] [id=25804]
  0x000001a0bf7d5000 ConcurrentGCThread "G1 Main Marker" [stack: 0x0000003e08e00000,0x0000003e08f00000] [id=20512]
  0x000001a0bf7d6800 ConcurrentGCThread "G1 Conc#0" [stack: 0x0000003e08f00000,0x0000003e09000000] [id=16740]

[error occurred during error reporting (printing all threads), id 0xc0000005, EXCEPTION_ACCESS_VIOLATION (0xc0000005) at pc=0x00007ffcd60b2b67]

VM state:not at safepoint (not fully initialized)

VM Mutex/Monitor currently owned by a thread:  ([mutex/lock_event])
[0x000001a0bf737fe0] Heap_lock - owner thread: 0x000001a0bf73c000

Heap address: 0x0000000600c00000, size: 8180 MB, Compressed Oops mode: Non-zero based: 0x0000000600c00000
Narrow klass base: 0x0000000000000000, Narrow klass shift: 0

GC Heap History (0 events):
No events

Deoptimization events (0 events):
No events

Classes redefined (0 events):
No events

Internal exceptions (0 events):
No events

Events (2 events):
Event: 0.004 Loaded shared library C:\Users\Dj Gelo Official\AppData\Local\Programs\AdoptOpenJDK\bin\zip.dll
Event: 0.004 Loaded shared library C:\Users\Dj Gelo Official\AppData\Local\Programs\AdoptOpenJDK\bin\jimage.dll


Dynamic libraries:
0x00007ff7bc440000 - 0x00007ff7bc44d000 	C:\Users\Dj Gelo Official\AppData\Local\Programs\AdoptOpenJDK\bin\java.exe
0x00007ffd36d70000 - 0x00007ffd36f66000 	C:\WINDOWS\SYSTEM32\ntdll.dll
0x00007ffd36950000 - 0x00007ffd36a0d000 	C:\WINDOWS\System32\KERNEL32.DLL
0x00007ffd34a60000 - 0x00007ffd34d28000 	C:\WINDOWS\System32\KERNELBASE.dll
0x00007ffd34960000 - 0x00007ffd34a60000 	C:\WINDOWS\System32\ucrtbase.dll
0x00007ffd1db60000 - 0x00007ffd1db77000 	C:\Users\Dj Gelo Official\AppData\Local\Programs\AdoptOpenJDK\bin\jli.dll
0x00007ffd28af0000 - 0x00007ffd28b05000 	C:\Users\Dj Gelo Official\AppData\Local\Programs\AdoptOpenJDK\bin\VCRUNTIME140.dll
0x00007ffd20510000 - 0x00007ffd207ab000 	C:\WINDOWS\WinSxS\amd64_microsoft.windows.common-controls_6595b64144ccf1df_6.0.19041.488_none_ca04af081b815d21\COMCTL32.dll
0x00007ffd34e80000 - 0x00007ffd35020000 	C:\WINDOWS\System32\USER32.dll
0x00007ffd34610000 - 0x00007ffd34632000 	C:\WINDOWS\System32\win32u.dll
0x00007ffd365f0000 - 0x00007ffd3668e000 	C:\WINDOWS\System32\msvcrt.dll
0x00007ffd36460000 - 0x00007ffd3648a000 	C:\WINDOWS\System32\GDI32.dll
0x00007ffd347a0000 - 0x00007ffd348a9000 	C:\WINDOWS\System32\gdi32full.dll
0x00007ffd34d30000 - 0x00007ffd34dcd000 	C:\WINDOWS\System32\msvcp_win.dll
0x00007ffd35ce0000 - 0x00007ffd35d10000 	C:\WINDOWS\System32\IMM32.DLL
0x00007ffd10190000 - 0x00007ffd1022b000 	C:\Users\Dj Gelo Official\AppData\Local\Programs\AdoptOpenJDK\bin\msvcp140.dll
0x00007ffcd5dd0000 - 0x00007ffcd688c000 	C:\Users\Dj Gelo Official\AppData\Local\Programs\AdoptOpenJDK\bin\server\jvm.dll
0x00007ffd35490000 - 0x00007ffd3553c000 	C:\WINDOWS\System32\ADVAPI32.dll
0x00007ffd35c30000 - 0x00007ffd35ccb000 	C:\WINDOWS\System32\sechost.dll
0x00007ffd366f0000 - 0x00007ffd36814000 	C:\WINDOWS\System32\RPCRT4.dll
0x00007ffd35c20000 - 0x00007ffd35c28000 	C:\WINDOWS\System32\PSAPI.DLL
0x00007ffd2de40000 - 0x00007ffd2de4a000 	C:\WINDOWS\SYSTEM32\VERSION.dll
0x00007ffd2e340000 - 0x00007ffd2e349000 	C:\WINDOWS\SYSTEM32\WSOCK32.dll
0x00007ffd36a10000 - 0x00007ffd36a7b000 	C:\WINDOWS\System32\WS2_32.dll
0x00007ffd25950000 - 0x00007ffd25977000 	C:\WINDOWS\SYSTEM32\WINMM.dll
0x00007ffd32420000 - 0x00007ffd32432000 	C:\WINDOWS\SYSTEM32\kernel.appcore.dll
0x00007ffd29f00000 - 0x00007ffd29f10000 	C:\Users\Dj Gelo Official\AppData\Local\Programs\AdoptOpenJDK\bin\verify.dll
0x00007ffd31dd0000 - 0x00007ffd31fb4000 	C:\WINDOWS\SYSTEM32\DBGHELP.DLL
0x00007ffd16690000 - 0x00007ffd166bc000 	C:\WINDOWS\SYSTEM32\dbgcore.DLL
0x00007ffd346d0000 - 0x00007ffd3474f000 	C:\WINDOWS\System32\bcryptPrimitives.dll
0x00007ffd16150000 - 0x00007ffd16178000 	C:\Users\Dj Gelo Official\AppData\Local\Programs\AdoptOpenJDK\bin\java.dll
0x00007ffd178b0000 - 0x00007ffd178c6000 	C:\Users\Dj Gelo Official\AppData\Local\Programs\AdoptOpenJDK\bin\zip.dll
0x00007ffd28750000 - 0x00007ffd2875a000 	C:\Users\Dj Gelo Official\AppData\Local\Programs\AdoptOpenJDK\bin\jimage.dll

dbghelp: loaded successfully - version: 4.0.5 - missing functions: none
symbol engine: initialized successfully - sym options: 0x614 - pdb path: .;C:\Users\Dj Gelo Official\AppData\Local\Programs\AdoptOpenJDK\bin;C:\WINDOWS\SYSTEM32;C:\WINDOWS\WinSxS\amd64_microsoft.windows.common-controls_6595b64144ccf1df_6.0.19041.488_none_ca04af081b815d21;C:\Users\Dj Gelo Official\AppData\Local\Programs\AdoptOpenJDK\bin\server

VM Arguments:
jvm_args: -Dfile.encoding=UTF-8 
java_command: JangMan
java_class_path (initial): C:\Users\Dj Gelo Official\AppData\Roaming\Code\User\workspaceStorage\31693a682b6ee6f2eb99a692b2b7be6f\redhat.java\jdt_ws\hangman-project_7f88c7bd\bin
Launcher Type: SUN_STANDARD

[Global flags]
     intx CICompilerCount                          = 12                                        {product} {ergonomic}
     uint ConcGCThreads                            = 3                                         {product} {ergonomic}
     uint G1ConcRefinementThreads                  = 13                                        {product} {ergonomic}
   size_t G1HeapRegionSize                         = 2097152                                   {product} {ergonomic}
    uintx GCDrainStackTargetSize                   = 64                                        {product} {ergonomic}
   size_t InitialHeapSize                          = 536870912                                 {product} {ergonomic}
   size_t MarkStackSize                            = 4194304                                   {product} {ergonomic}
   size_t MaxHeapSize                              = 8577351680                                {product} {ergonomic}
   size_t MinHeapDeltaBytes                        = 2097152                                   {product} {ergonomic}
    uintx NonNMethodCodeHeapSize                   = 7594288                                {pd product} {ergonomic}
    uintx NonProfiledCodeHeapSize                  = 122031976                              {pd product} {ergonomic}
    uintx ProfiledCodeHeapSize                     = 122031976                              {pd product} {ergonomic}
    uintx ReservedCodeCacheSize                    = 251658240                              {pd product} {ergonomic}
     bool SegmentedCodeCache                       = true                                      {product} {ergonomic}
     bool UseCompressedClassPointers               = true                                 {lp64_product} {ergonomic}
     bool UseCompressedOops                        = true                                 {lp64_product} {ergonomic}
     bool UseG1GC                                  = true                                      {product} {ergonomic}
     bool UseLargePagesIndividualAllocation        = false                                  {pd product} {ergonomic}

Logging:
Log output configuration:
 #0: stdout all=warning uptime,level,tags
 #1: stderr all=off uptime,level,tags

Environment Variables:
JAVA_HOME=C:\Users\Dj Gelo Official\AppData\Local\Programs\AdoptOpenJDK\
PATH=C:\Program Files (x86)\Common Files\Oracle\Java\javapath;C:\Program Files (x86)\Razer Chroma SDK\bin;C:\Program Files\Razer Chroma SDK\bin;C:\Program Files (x86)\Razer\ChromaBroadcast\bin;C:\Program Files\Razer\ChromaBroadcast\bin;c:\program files (x86)\razer chroma sdk\bin;c:\program files\razer chroma sdk\bin;c:\program files (x86)\razer\chromabroadcast\bin;c:\program files\razer\chromabroadcast\bin;c:\windows\system32;c:\windows;c:\windows\system32\wbem;c:\windows\system32\windowspowershell\v1.0\;c:\windows\system32\openssh\;c:\program files (x86)\gtksharp\2.12\bin;c:\windows\system32\config\systemprofile\appdata\local\microsoft\windowsapps;c:\users\dj gelo official\appdata\local\microsoft\windowsapps;C:\Program Files (x86)\ATI Technologies\ATI.ACE\Core-Static;C:\Windows\system32\config\systemprofile\AppData\Local\Microsoft\WindowsApps;C:\Program Files\NVIDIA Corporation\NVIDIA NvDLISR;C:\Program Files (x86)\NVIDIA Corporation\PhysX\Common;E:\Documents\TribeXR;C:\Users\Dj Gelo Official\AppData\Local\Microsoft\WindowsApps;C:\Program Files\Microsoft SQL Server\130\Tools\Binn\;C:\Program Files\Common Files\Autodesk Shared\;C:\WINDOWS\system32;C:\WINDOWS;C:\WINDOWS\System32\Wbem;C:\WINDOWS\System32\WindowsPowerShell\v1.0\;C:\WINDOWS\System32\OpenSSH\;C:\Program Files\dotnet\;C:\Program Files\Git\cmd;C:\Users\Dj Gelo Official\AppData\Local\Programs\AdoptOpenJDK\bin;C:\Users\Dj Gelo Official\AppData\Local\Microsoft\WindowsApps;C:\Users\Dj Gelo Official\.dotnet\tools
USERNAME=Dj Gelo Official
OS=Windows_NT
PROCESSOR_IDENTIFIER=AMD64 Family 23 Model 113 Stepping 0, AuthenticAMD



---------------  S Y S T E M  ---------------

OS: Windows 10 , 64 bit Build 19041 (10.0.19041.546)
OS uptime: 0 days 7:49 hours

CPU:total 16 (initial active 16) (16 cores per cpu, 2 threads per core) family 23 model 113 stepping 0, cmov, cx8, fxsr, mmx, sse, sse2, sse3, ssse3, sse4.1, sse4.2, popcnt, avx, avx2, aes, clmul, mmxext, 3dnowpref, lzcnt, sse4a, ht, tsc, tscinvbit, tscinv, bmi1, bmi2, adx, sha, fma

Memory: 4k page, system-wide physical 32716M (16971M free)
TotalPageFile size 63073M (AvailPageFile size 63M)
current process WorkingSet (physical memory assigned to process): 10M, peak: 10M
current process commit charge ("private bytes"): 71M, peak: 583M

vm_info: OpenJDK 64-Bit Server VM (11.0.7+10) for windows-amd64 JRE (11.0.7+10), built on Apr 22 2020 11:46:09 by "" with MS VC++ 15.9 (VS2017)

END.
